
/home/runner/work/exp-dna-rna-dei/exp-dna-rna-dei/experiment/simulation/js/jquery.min.js
  2:58     warning  'module' is not defined                                                    no-undef
  2:73     warning  'module' is not defined                                                    no-undef
  2:6324   warning  Expected a conditional expression and instead saw an assignment            no-cond-assign
  2:6580   warning  Expected a conditional expression and instead saw an assignment            no-cond-assign
  2:7011   warning  Expected a conditional expression and instead saw an assignment            no-cond-assign
  2:7270   warning  Empty block statement                                                      no-empty
  2:7839   warning  Expected a conditional expression and instead saw an assignment            no-cond-assign
  2:9709   warning  Expected a conditional expression and instead saw an assignment            no-cond-assign
  2:11311  warning  Expected a conditional expression and instead saw an assignment            no-cond-assign
  2:11887  warning  Expected a conditional expression and instead saw an assignment            no-cond-assign
  2:11925  warning  Expected a conditional expression and instead saw an assignment            no-cond-assign
  2:12343  warning  Empty block statement                                                      no-empty
  2:12906  warning  Expected a conditional expression and instead saw an assignment            no-cond-assign
  2:13218  warning  Expected a conditional expression and instead saw an assignment            no-cond-assign
  2:15046  warning  Expected a conditional expression and instead saw an assignment            no-cond-assign
  2:15317  warning  Expected a conditional expression and instead saw an assignment            no-cond-assign
  2:15517  warning  Expected a conditional expression and instead saw an assignment            no-cond-assign
  2:15893  warning  Do not access Object.prototype method 'hasOwnProperty' from target object  no-prototype-builtins
  2:16598  warning  Expected a conditional expression and instead saw an assignment            no-cond-assign
  2:18982  warning  Expected a conditional expression and instead saw an assignment            no-cond-assign
  2:19073  warning  Expected a conditional expression and instead saw an assignment            no-cond-assign
  2:19133  warning  Expected a conditional expression and instead saw an assignment            no-cond-assign
  2:20435  warning  Expected a conditional expression and instead saw an assignment            no-cond-assign
  2:21049  warning  Expected a conditional expression and instead saw an assignment            no-cond-assign
  2:21160  warning  Expected a conditional expression and instead saw an assignment            no-cond-assign
  2:23420  warning  Unnecessary escape character: \[                                           no-useless-escape
  2:23422  warning  Unnecessary escape character: \.                                           no-useless-escape
  2:30761  warning  Empty block statement                                                      no-empty
  2:31981  warning  Empty block statement                                                      no-empty
  3:7811   warning  Expected a conditional expression and instead saw an assignment            no-cond-assign
  3:7951   warning  Expected a conditional expression and instead saw an assignment            no-cond-assign
  3:8441   warning  Empty block statement                                                      no-empty
  3:11852  warning  Empty block statement                                                      no-empty
  3:14493  warning  Empty block statement                                                      no-empty
  3:24051  warning  Empty block statement                                                      no-empty
  3:26100  warning  Move function declaration to function body root                            no-inner-declarations
  3:30714  warning  Empty block statement                                                      no-empty
  4:2546   warning  Expected a conditional expression and instead saw an assignment            no-cond-assign
  4:5062   warning  Expected a conditional expression and instead saw an assignment            no-cond-assign
  4:11701  warning  Expected a conditional expression and instead saw an assignment            no-cond-assign
  4:13447  warning  Empty block statement                                                      no-empty
  4:14747  warning  Expected a conditional expression and instead saw an assignment            no-cond-assign
  4:14827  warning  Expected a conditional expression and instead saw an assignment            no-cond-assign
  4:15164  warning  Expected a conditional expression and instead saw an assignment            no-cond-assign
  4:15244  warning  Expected a conditional expression and instead saw an assignment            no-cond-assign
  4:15659  warning  Expected a conditional expression and instead saw an assignment            no-cond-assign
  4:15915  warning  Expected a conditional expression and instead saw an assignment            no-cond-assign
  4:16492  warning  Unnecessary escape character: \/                                           no-useless-escape
  4:17365  warning  Unnecessary escape character: \/                                           no-useless-escape
  4:17377  warning  Unnecessary escape character: \/                                           no-useless-escape
  4:17610  warning  Expected a conditional expression and instead saw an assignment            no-cond-assign
  4:20109  warning  Expected a conditional expression and instead saw an assignment            no-cond-assign
  4:22009  warning  Expected a conditional expression and instead saw an assignment            no-cond-assign
  4:27128  warning  Empty block statement                                                      no-empty
  4:27205  warning  Empty block statement                                                      no-empty
  5:812    warning  'define' is not defined                                                    no-undef
  5:824    warning  'define' is not defined                                                    no-undef

✖ 57 problems (0 errors, 57 warnings)

